<?xml version="1.0" encoding="UTF-8"?>
<!-- Generated by org.testng.reporters.JUnitXMLReporter -->
<testsuite ignored="0" hostname="DESKTOP-FNTF1MH" failures="0" tests="3" name="Default test" time="5.625" errors="0" timestamp="2021-06-04T23:36:02 IST">
  <testcase classname="testCases.GetLatestLunch" name="VerifyGetSpacXLatestLaunchDetails" time="3.494"/>
  <testcase classname="testCases.GetLatestLunch" name="VerifyGetSpacXLatestLaunchStatusCode" time="0.959"/>
  <testcase classname="testCases.GetLatestLunch" name="VerifyGetSpacXLatestLaunchWikipedia" time="1.109"/>
</testsuite> <!-- Default test -->
