<?xml version="1.0" encoding="UTF-8"?>
<testng-results ignored="2" total="3" passed="1" failed="0" skipped="0">
  <reporter-output>
  </reporter-output>
  <suite started-at="2021-06-04T23:05:51 IST" name="Default suite" finished-at="2021-06-04T23:05:54 IST" duration-ms="3886">
    <groups>
    </groups>
    <test started-at="2021-06-04T23:05:51 IST" name="Default test" finished-at="2021-06-04T23:05:54 IST" duration-ms="3886">
      <class name="testCases.GetLatestLunch">
        <test-method signature="VerifyGetSpacXLatestLaunchWikipedia()[pri:0, instance:testCases.GetLatestLunch@41fecb8b]" started-at="2021-06-04T23:05:51 IST" name="VerifyGetSpacXLatestLaunchWikipedia" finished-at="2021-06-04T23:05:54 IST" duration-ms="3812" status="PASS">
          <reporter-output>
          </reporter-output>
        </test-method> <!-- VerifyGetSpacXLatestLaunchWikipedia -->
      </class> <!-- testCases.GetLatestLunch -->
    </test> <!-- Default test -->
  </suite> <!-- Default suite -->
</testng-results>
